<?xml version="1.0" encoding="UTF-8"?>
<Site BuildName="(empty)"
	BuildStamp="20241015-1515-Experimental"
	Name="rtx-Cyborg-15-A12VF"
	Generator="ctest-3.16.3"
	CompilerName="/usr/bin/g++"
	CompilerVersion="9.4.0"
	OSName="Linux"
	Hostname="rtx-Cyborg-15-A12VF"
	OSRelease="5.15.0-119-generic"
	OSVersion="#129~20.04.1-Ubuntu SMP Wed Aug 7 13:07:13 UTC 2024"
	OSPlatform="x86_64"
	Is64Bits="1"
	VendorString="GenuineIntel"
	VendorID="Intel Corporation"
	FamilyID="6"
	ModelID="154"
	ProcessorCacheSize="24576"
	NumberOfLogicalCPU="16"
	NumberOfPhysicalCPU="10"
	TotalVirtualMemory="2047"
	TotalPhysicalMemory="15689"
	LogicalProcessorsPerPhysical="1"
	ProcessorClockFrequency="1714.41"
	>
	<Testing>
		<StartDateTime>Oct 15 22:15 +07</StartDateTime>
		<StartTestTime>1729005355</StartTestTime>
		<TestList/>
		<EndDateTime>Oct 15 22:15 +07</EndDateTime>
		<EndTestTime>1729005355</EndTestTime>
		<ElapsedMinutes>0</ElapsedMinutes>
	</Testing>
</Site>
